Arguments: 
  C:\Program Files\nodejs\node.exe C:\Program Files (x86)\Yarn\bin\yarn.js add lodash-ce

PATH: 
  C:\Program Files\Git\mingw64\bin;C:\Program Files\Git\usr\bin;C:\Users\User\bin;C:\Program Files (x86)\Common Files\Oracle\Java\javapath;C:\ProgramData\Oracle\Java\javapath;C:\Windows\system32;C:\Windows;C:\Windows\System32\Wbem;C:\Windows\System32\WindowsPowerShell\v1.0;C:\Program Files (x86)\NVIDIA Corporation\PhysX\Common;C:\Go\bin;C:\Program Files (x86)\Yarn\bin;C:\Program Files\ASUS\Bluetooth Software;C:\Program Files\ASUS\Bluetooth Software\syswow64;C:\Program Files\PuTTY;C:\Program Files\nodejs;C:\Program Files (x86)\Windows Kits\8.1\Windows Performance Toolkit;C:\Program Files\Git\cmd;C:\Program Files\Microsoft VS Code\bin;C:\WINDOWS\system32;C:\WINDOWS;C:\WINDOWS\System32\Wbem;C:\WINDOWS\System32\WindowsPowerShell\v1.0;C:\WINDOWS\System32\OpenSSH;C:\Ruby25-x64\bin;C:\Program Files\Microsoft VS Code\bin;C:\Users\User\AppData\Local\Yarn\bin;D:\platform-tools;C:\Program Files\MongoDB\Server\3.6\bin;%GOPATH%\bin;C:\Program Files (x86)\GnuWin32\bin;C:\Program Files\Heroku\bin;C:\Users\User\AppData\Roaming\npm;C:\Users\User\AppData\Local\GitHubDesktop\bin;C:\Users\User\AppData\Local\Microsoft\WindowsApps

Yarn version: 
  1.3.2

Node version: 
  9.11.1

Platform: 
  win32 x64

npm manifest: 
  {
    "name": "stonex",
    "version": "0.0.1-alpha",
    "description": "simple container",
    "main": "lib/index.js",
    "scripts": {
      "test": "echo \"Error: no test specified\" && exit 1",
      "lint": "tslint 'lib/**/*.ts'",
      "build": "tsc --pretty"
    },
    "author": "acacode",
    "license": "MIT",
    "devDependencies": {
      "@types/lodash": "^4.14.121",
      "babel-cli": "6.26.0",
      "babel-core": "6.26.3",
      "babel-eslint": "8.2.1",
      "babel-loader": "7.1.5",
      "babel-plugin-transform-class-properties": "6.24.1",
      "babel-plugin-transform-export-extensions": "6.22.0",
      "babel-plugin-transform-object-rest-spread": "6.26.0",
      "babel-plugin-transform-runtime": "6.23.0",
      "babel-polyfill": "6.9.1",
      "babel-preset-env": "1.7.0",
      "babel-preset-es2015": "6.24.1",
      "babel-runtime": "6.26.0",
      "tslint": "5.13.0",
      "tslint-config-standard": "^8.0.1",
      "tslint-eslint-rules": "^5.4.0",
      "typescript": "3.3.3333"
    }
  }

yarn manifest: 
  No manifest

Lockfile: 
  No lockfile

Trace: 
  Error: https://registry.yarnpkg.com/lodash-ce: Not found
      at Request.params.callback [as _callback] (C:\Program Files (x86)\Yarn\lib\cli.js:62098:18)
      at Request.self.callback (C:\Program Files (x86)\Yarn\lib\cli.js:123085:22)
      at Request.emit (events.js:180:13)
      at Request.<anonymous> (C:\Program Files (x86)\Yarn\lib\cli.js:124068:10)
      at Request.emit (events.js:180:13)
      at IncomingMessage.<anonymous> (C:\Program Files (x86)\Yarn\lib\cli.js:123988:12)
      at Object.onceWrapper (events.js:272:13)
      at IncomingMessage.emit (events.js:185:15)
      at endReadableNT (_stream_readable.js:1106:12)
      at process._tickCallback (internal/process/next_tick.js:178:19)
